[23-Oct-2024 12:52:12 UTC] PHP Deprecated:  Hook login_headertitle is <strong>deprecated</strong> since version 5.2.0! Use login_headertext instead. Usage of the title attribute on the login logo is not recommended for accessibility reasons. Use the link text instead. in C:\Users\Grimaldo\Local Sites\plantel\app\public\wp-includes\functions.php on line 6085
[23-Oct-2024 12:55:22 UTC] PHP Deprecated:  Hook login_headertitle is <strong>deprecated</strong> since version 5.2.0! Use login_headertext instead. Usage of the title attribute on the login logo is not recommended for accessibility reasons. Use the link text instead. in C:\Users\Grimaldo\Local Sites\plantel\app\public\wp-includes\functions.php on line 6085
[23-Oct-2024 13:57:46 UTC] PHP Deprecated:  Hook login_headertitle is <strong>deprecated</strong> since version 5.2.0! Use login_headertext instead. Usage of the title attribute on the login logo is not recommended for accessibility reasons. Use the link text instead. in C:\Users\Grimaldo\Local Sites\plantel\app\public\wp-includes\functions.php on line 6085
[23-Oct-2024 19:47:25 UTC] Automatic updates starting...
[23-Oct-2024 19:47:26 UTC] Automatic updates complete.
[24-Oct-2024 11:48:00 UTC] Automatic updates starting...
[24-Oct-2024 11:48:00 UTC] Automatic updates complete.
[24-Oct-2024 17:03:32 UTC] Automatic updates starting...
[24-Oct-2024 17:03:33 UTC] Automatic updates complete.
[27-Oct-2024 20:17:53 UTC] PHP Warning:  mysqli_real_connect(): (HY000/2002): No connection could be made because the target machine actively refused it in C:\Users\Grimaldo\Local Sites\plantel\app\public\wp-includes\class-wpdb.php on line 1982
[31-Oct-2024 12:54:59 UTC] Automatic updates starting...
[31-Oct-2024 12:54:59 UTC]   Automatic plugin updates starting...
[31-Oct-2024 12:54:59 UTC]   Automatic plugin updates complete.
[31-Oct-2024 12:55:00 UTC] Automatic updates complete.
[31-Oct-2024 18:19:17 UTC] Automatic updates starting...
[31-Oct-2024 18:19:18 UTC]   Automatic plugin updates starting...
[31-Oct-2024 18:19:18 UTC]   Automatic plugin updates complete.
[31-Oct-2024 18:19:18 UTC] Automatic updates complete.
[31-Oct-2024 19:30:19 UTC] PHP Warning:  Cannot modify header information - headers already sent by (output started at C:\Users\Grimaldo\Local Sites\plantel\app\public\wp-includes\class-wp-styles.php:214) in C:\Users\Grimaldo\Local Sites\plantel\app\public\wp-includes\pluggable.php on line 1093
[31-Oct-2024 19:30:19 UTC] PHP Warning:  Cannot modify header information - headers already sent by (output started at C:\Users\Grimaldo\Local Sites\plantel\app\public\wp-includes\class-wp-styles.php:214) in C:\Users\Grimaldo\Local Sites\plantel\app\public\wp-includes\pluggable.php on line 1094
[31-Oct-2024 19:30:19 UTC] PHP Warning:  Cannot modify header information - headers already sent by (output started at C:\Users\Grimaldo\Local Sites\plantel\app\public\wp-includes\class-wp-styles.php:214) in C:\Users\Grimaldo\Local Sites\plantel\app\public\wp-includes\pluggable.php on line 1095
[31-Oct-2024 19:30:19 UTC] PHP Warning:  Cannot modify header information - headers already sent by (output started at C:\Users\Grimaldo\Local Sites\plantel\app\public\wp-includes\class-wp-styles.php:214) in C:\Users\Grimaldo\Local Sites\plantel\app\public\wp-includes\pluggable.php on line 1435
[31-Oct-2024 19:30:19 UTC] PHP Warning:  Cannot modify header information - headers already sent by (output started at C:\Users\Grimaldo\Local Sites\plantel\app\public\wp-includes\class-wp-styles.php:214) in C:\Users\Grimaldo\Local Sites\plantel\app\public\wp-includes\pluggable.php on line 1438
[31-Oct-2024 19:30:39 UTC] PHP Warning:  Cannot modify header information - headers already sent by (output started at C:\Users\Grimaldo\Local Sites\plantel\app\public\wp-includes\class-wp-styles.php:214) in C:\Users\Grimaldo\Local Sites\plantel\app\public\wp-includes\pluggable.php on line 1093
[31-Oct-2024 19:30:39 UTC] PHP Warning:  Cannot modify header information - headers already sent by (output started at C:\Users\Grimaldo\Local Sites\plantel\app\public\wp-includes\class-wp-styles.php:214) in C:\Users\Grimaldo\Local Sites\plantel\app\public\wp-includes\pluggable.php on line 1094
[31-Oct-2024 19:30:39 UTC] PHP Warning:  Cannot modify header information - headers already sent by (output started at C:\Users\Grimaldo\Local Sites\plantel\app\public\wp-includes\class-wp-styles.php:214) in C:\Users\Grimaldo\Local Sites\plantel\app\public\wp-includes\pluggable.php on line 1095
[31-Oct-2024 19:30:39 UTC] PHP Warning:  Cannot modify header information - headers already sent by (output started at C:\Users\Grimaldo\Local Sites\plantel\app\public\wp-includes\class-wp-styles.php:214) in C:\Users\Grimaldo\Local Sites\plantel\app\public\wp-includes\pluggable.php on line 1435
[31-Oct-2024 19:30:39 UTC] PHP Warning:  Cannot modify header information - headers already sent by (output started at C:\Users\Grimaldo\Local Sites\plantel\app\public\wp-includes\class-wp-styles.php:214) in C:\Users\Grimaldo\Local Sites\plantel\app\public\wp-includes\pluggable.php on line 1438
[31-Oct-2024 19:30:58 UTC] PHP Warning:  Cannot modify header information - headers already sent by (output started at C:\Users\Grimaldo\Local Sites\plantel\app\public\wp-includes\class-wp-styles.php:214) in C:\Users\Grimaldo\Local Sites\plantel\app\public\wp-includes\pluggable.php on line 1093
[31-Oct-2024 19:30:58 UTC] PHP Warning:  Cannot modify header information - headers already sent by (output started at C:\Users\Grimaldo\Local Sites\plantel\app\public\wp-includes\class-wp-styles.php:214) in C:\Users\Grimaldo\Local Sites\plantel\app\public\wp-includes\pluggable.php on line 1094
[31-Oct-2024 19:30:58 UTC] PHP Warning:  Cannot modify header information - headers already sent by (output started at C:\Users\Grimaldo\Local Sites\plantel\app\public\wp-includes\class-wp-styles.php:214) in C:\Users\Grimaldo\Local Sites\plantel\app\public\wp-includes\pluggable.php on line 1095
[31-Oct-2024 19:30:58 UTC] PHP Warning:  Cannot modify header information - headers already sent by (output started at C:\Users\Grimaldo\Local Sites\plantel\app\public\wp-includes\class-wp-styles.php:214) in C:\Users\Grimaldo\Local Sites\plantel\app\public\wp-includes\pluggable.php on line 1435
[31-Oct-2024 19:30:58 UTC] PHP Warning:  Cannot modify header information - headers already sent by (output started at C:\Users\Grimaldo\Local Sites\plantel\app\public\wp-includes\class-wp-styles.php:214) in C:\Users\Grimaldo\Local Sites\plantel\app\public\wp-includes\pluggable.php on line 1438
[31-Oct-2024 19:31:25 UTC] PHP Warning:  Cannot modify header information - headers already sent by (output started at C:\Users\Grimaldo\Local Sites\plantel\app\public\wp-includes\class-wp-styles.php:214) in C:\Users\Grimaldo\Local Sites\plantel\app\public\wp-includes\pluggable.php on line 1093
[31-Oct-2024 19:31:25 UTC] PHP Warning:  Cannot modify header information - headers already sent by (output started at C:\Users\Grimaldo\Local Sites\plantel\app\public\wp-includes\class-wp-styles.php:214) in C:\Users\Grimaldo\Local Sites\plantel\app\public\wp-includes\pluggable.php on line 1094
[31-Oct-2024 19:31:25 UTC] PHP Warning:  Cannot modify header information - headers already sent by (output started at C:\Users\Grimaldo\Local Sites\plantel\app\public\wp-includes\class-wp-styles.php:214) in C:\Users\Grimaldo\Local Sites\plantel\app\public\wp-includes\pluggable.php on line 1095
[31-Oct-2024 19:31:25 UTC] PHP Warning:  Cannot modify header information - headers already sent by (output started at C:\Users\Grimaldo\Local Sites\plantel\app\public\wp-includes\class-wp-styles.php:214) in C:\Users\Grimaldo\Local Sites\plantel\app\public\wp-includes\pluggable.php on line 1435
[31-Oct-2024 19:31:25 UTC] PHP Warning:  Cannot modify header information - headers already sent by (output started at C:\Users\Grimaldo\Local Sites\plantel\app\public\wp-includes\class-wp-styles.php:214) in C:\Users\Grimaldo\Local Sites\plantel\app\public\wp-includes\pluggable.php on line 1438
[31-Oct-2024 19:32:37 UTC] PHP Warning:  Cannot modify header information - headers already sent by (output started at C:\Users\Grimaldo\Local Sites\plantel\app\public\wp-includes\class-wp-styles.php:214) in C:\Users\Grimaldo\Local Sites\plantel\app\public\wp-includes\pluggable.php on line 1093
[31-Oct-2024 19:32:37 UTC] PHP Warning:  Cannot modify header information - headers already sent by (output started at C:\Users\Grimaldo\Local Sites\plantel\app\public\wp-includes\class-wp-styles.php:214) in C:\Users\Grimaldo\Local Sites\plantel\app\public\wp-includes\pluggable.php on line 1094
[31-Oct-2024 19:32:37 UTC] PHP Warning:  Cannot modify header information - headers already sent by (output started at C:\Users\Grimaldo\Local Sites\plantel\app\public\wp-includes\class-wp-styles.php:214) in C:\Users\Grimaldo\Local Sites\plantel\app\public\wp-includes\pluggable.php on line 1095
[31-Oct-2024 19:32:37 UTC] PHP Warning:  Cannot modify header information - headers already sent by (output started at C:\Users\Grimaldo\Local Sites\plantel\app\public\wp-includes\class-wp-styles.php:214) in C:\Users\Grimaldo\Local Sites\plantel\app\public\wp-includes\pluggable.php on line 1435
[31-Oct-2024 19:32:37 UTC] PHP Warning:  Cannot modify header information - headers already sent by (output started at C:\Users\Grimaldo\Local Sites\plantel\app\public\wp-includes\class-wp-styles.php:214) in C:\Users\Grimaldo\Local Sites\plantel\app\public\wp-includes\pluggable.php on line 1438
[31-Oct-2024 19:34:55 UTC] PHP Warning:  Cannot modify header information - headers already sent by (output started at C:\Users\Grimaldo\Local Sites\plantel\app\public\wp-includes\class-wp-styles.php:214) in C:\Users\Grimaldo\Local Sites\plantel\app\public\wp-includes\pluggable.php on line 1093
[31-Oct-2024 19:34:55 UTC] PHP Warning:  Cannot modify header information - headers already sent by (output started at C:\Users\Grimaldo\Local Sites\plantel\app\public\wp-includes\class-wp-styles.php:214) in C:\Users\Grimaldo\Local Sites\plantel\app\public\wp-includes\pluggable.php on line 1094
[31-Oct-2024 19:34:55 UTC] PHP Warning:  Cannot modify header information - headers already sent by (output started at C:\Users\Grimaldo\Local Sites\plantel\app\public\wp-includes\class-wp-styles.php:214) in C:\Users\Grimaldo\Local Sites\plantel\app\public\wp-includes\pluggable.php on line 1095
[31-Oct-2024 19:34:55 UTC] PHP Warning:  Cannot modify header information - headers already sent by (output started at C:\Users\Grimaldo\Local Sites\plantel\app\public\wp-includes\class-wp-styles.php:214) in C:\Users\Grimaldo\Local Sites\plantel\app\public\wp-includes\pluggable.php on line 1435
[31-Oct-2024 19:34:55 UTC] PHP Warning:  Cannot modify header information - headers already sent by (output started at C:\Users\Grimaldo\Local Sites\plantel\app\public\wp-includes\class-wp-styles.php:214) in C:\Users\Grimaldo\Local Sites\plantel\app\public\wp-includes\pluggable.php on line 1438
[31-Oct-2024 19:35:48 UTC] PHP Warning:  Cannot modify header information - headers already sent by (output started at C:\Users\Grimaldo\Local Sites\plantel\app\public\wp-includes\class-wp-styles.php:214) in C:\Users\Grimaldo\Local Sites\plantel\app\public\wp-includes\pluggable.php on line 1093
[31-Oct-2024 19:35:48 UTC] PHP Warning:  Cannot modify header information - headers already sent by (output started at C:\Users\Grimaldo\Local Sites\plantel\app\public\wp-includes\class-wp-styles.php:214) in C:\Users\Grimaldo\Local Sites\plantel\app\public\wp-includes\pluggable.php on line 1094
[31-Oct-2024 19:35:48 UTC] PHP Warning:  Cannot modify header information - headers already sent by (output started at C:\Users\Grimaldo\Local Sites\plantel\app\public\wp-includes\class-wp-styles.php:214) in C:\Users\Grimaldo\Local Sites\plantel\app\public\wp-includes\pluggable.php on line 1095
[31-Oct-2024 19:35:48 UTC] PHP Warning:  Cannot modify header information - headers already sent by (output started at C:\Users\Grimaldo\Local Sites\plantel\app\public\wp-includes\class-wp-styles.php:214) in C:\Users\Grimaldo\Local Sites\plantel\app\public\wp-includes\pluggable.php on line 1435
[31-Oct-2024 19:35:48 UTC] PHP Warning:  Cannot modify header information - headers already sent by (output started at C:\Users\Grimaldo\Local Sites\plantel\app\public\wp-includes\class-wp-styles.php:214) in C:\Users\Grimaldo\Local Sites\plantel\app\public\wp-includes\pluggable.php on line 1438
[31-Oct-2024 19:36:01 UTC] PHP Warning:  Cannot modify header information - headers already sent by (output started at C:\Users\Grimaldo\Local Sites\plantel\app\public\wp-includes\class-wp-styles.php:214) in C:\Users\Grimaldo\Local Sites\plantel\app\public\wp-includes\pluggable.php on line 1093
[31-Oct-2024 19:36:01 UTC] PHP Warning:  Cannot modify header information - headers already sent by (output started at C:\Users\Grimaldo\Local Sites\plantel\app\public\wp-includes\class-wp-styles.php:214) in C:\Users\Grimaldo\Local Sites\plantel\app\public\wp-includes\pluggable.php on line 1094
[31-Oct-2024 19:36:01 UTC] PHP Warning:  Cannot modify header information - headers already sent by (output started at C:\Users\Grimaldo\Local Sites\plantel\app\public\wp-includes\class-wp-styles.php:214) in C:\Users\Grimaldo\Local Sites\plantel\app\public\wp-includes\pluggable.php on line 1095
[31-Oct-2024 19:36:01 UTC] PHP Warning:  Cannot modify header information - headers already sent by (output started at C:\Users\Grimaldo\Local Sites\plantel\app\public\wp-includes\class-wp-styles.php:214) in C:\Users\Grimaldo\Local Sites\plantel\app\public\wp-includes\pluggable.php on line 1435
[31-Oct-2024 19:36:01 UTC] PHP Warning:  Cannot modify header information - headers already sent by (output started at C:\Users\Grimaldo\Local Sites\plantel\app\public\wp-includes\class-wp-styles.php:214) in C:\Users\Grimaldo\Local Sites\plantel\app\public\wp-includes\pluggable.php on line 1438
[31-Oct-2024 19:36:53 UTC] PHP Warning:  Cannot modify header information - headers already sent by (output started at C:\Users\Grimaldo\Local Sites\plantel\app\public\wp-includes\class-wp-styles.php:214) in C:\Users\Grimaldo\Local Sites\plantel\app\public\wp-includes\pluggable.php on line 1093
[31-Oct-2024 19:36:53 UTC] PHP Warning:  Cannot modify header information - headers already sent by (output started at C:\Users\Grimaldo\Local Sites\plantel\app\public\wp-includes\class-wp-styles.php:214) in C:\Users\Grimaldo\Local Sites\plantel\app\public\wp-includes\pluggable.php on line 1094
[31-Oct-2024 19:36:53 UTC] PHP Warning:  Cannot modify header information - headers already sent by (output started at C:\Users\Grimaldo\Local Sites\plantel\app\public\wp-includes\class-wp-styles.php:214) in C:\Users\Grimaldo\Local Sites\plantel\app\public\wp-includes\pluggable.php on line 1095
[31-Oct-2024 19:36:53 UTC] PHP Warning:  Cannot modify header information - headers already sent by (output started at C:\Users\Grimaldo\Local Sites\plantel\app\public\wp-includes\class-wp-styles.php:214) in C:\Users\Grimaldo\Local Sites\plantel\app\public\wp-includes\pluggable.php on line 1435
[31-Oct-2024 19:36:53 UTC] PHP Warning:  Cannot modify header information - headers already sent by (output started at C:\Users\Grimaldo\Local Sites\plantel\app\public\wp-includes\class-wp-styles.php:214) in C:\Users\Grimaldo\Local Sites\plantel\app\public\wp-includes\pluggable.php on line 1438
[31-Oct-2024 19:37:22 UTC] PHP Warning:  Cannot modify header information - headers already sent by (output started at C:\Users\Grimaldo\Local Sites\plantel\app\public\wp-includes\class-wp-styles.php:214) in C:\Users\Grimaldo\Local Sites\plantel\app\public\wp-includes\pluggable.php on line 1093
[31-Oct-2024 19:37:22 UTC] PHP Warning:  Cannot modify header information - headers already sent by (output started at C:\Users\Grimaldo\Local Sites\plantel\app\public\wp-includes\class-wp-styles.php:214) in C:\Users\Grimaldo\Local Sites\plantel\app\public\wp-includes\pluggable.php on line 1094
[31-Oct-2024 19:37:22 UTC] PHP Warning:  Cannot modify header information - headers already sent by (output started at C:\Users\Grimaldo\Local Sites\plantel\app\public\wp-includes\class-wp-styles.php:214) in C:\Users\Grimaldo\Local Sites\plantel\app\public\wp-includes\pluggable.php on line 1095
[31-Oct-2024 19:37:46 UTC] PHP Warning:  Cannot modify header information - headers already sent by (output started at C:\Users\Grimaldo\Local Sites\plantel\app\public\wp-includes\class-wp-styles.php:214) in C:\Users\Grimaldo\Local Sites\plantel\app\public\wp-includes\pluggable.php on line 1093
[31-Oct-2024 19:37:46 UTC] PHP Warning:  Cannot modify header information - headers already sent by (output started at C:\Users\Grimaldo\Local Sites\plantel\app\public\wp-includes\class-wp-styles.php:214) in C:\Users\Grimaldo\Local Sites\plantel\app\public\wp-includes\pluggable.php on line 1094
[31-Oct-2024 19:37:46 UTC] PHP Warning:  Cannot modify header information - headers already sent by (output started at C:\Users\Grimaldo\Local Sites\plantel\app\public\wp-includes\class-wp-styles.php:214) in C:\Users\Grimaldo\Local Sites\plantel\app\public\wp-includes\pluggable.php on line 1095
[31-Oct-2024 19:38:09 UTC] PHP Warning:  Cannot modify header information - headers already sent by (output started at C:\Users\Grimaldo\Local Sites\plantel\app\public\wp-includes\class-wp-styles.php:214) in C:\Users\Grimaldo\Local Sites\plantel\app\public\wp-includes\pluggable.php on line 1093
[31-Oct-2024 19:38:09 UTC] PHP Warning:  Cannot modify header information - headers already sent by (output started at C:\Users\Grimaldo\Local Sites\plantel\app\public\wp-includes\class-wp-styles.php:214) in C:\Users\Grimaldo\Local Sites\plantel\app\public\wp-includes\pluggable.php on line 1094
[31-Oct-2024 19:38:09 UTC] PHP Warning:  Cannot modify header information - headers already sent by (output started at C:\Users\Grimaldo\Local Sites\plantel\app\public\wp-includes\class-wp-styles.php:214) in C:\Users\Grimaldo\Local Sites\plantel\app\public\wp-includes\pluggable.php on line 1095
[31-Oct-2024 19:38:09 UTC] PHP Warning:  Cannot modify header information - headers already sent by (output started at C:\Users\Grimaldo\Local Sites\plantel\app\public\wp-includes\class-wp-styles.php:214) in C:\Users\Grimaldo\Local Sites\plantel\app\public\wp-includes\pluggable.php on line 1435
[31-Oct-2024 19:38:09 UTC] PHP Warning:  Cannot modify header information - headers already sent by (output started at C:\Users\Grimaldo\Local Sites\plantel\app\public\wp-includes\class-wp-styles.php:214) in C:\Users\Grimaldo\Local Sites\plantel\app\public\wp-includes\pluggable.php on line 1438
[31-Oct-2024 19:47:02 UTC] PHP Warning:  Cannot modify header information - headers already sent by (output started at C:\Users\Grimaldo\Local Sites\plantel\app\public\wp-includes\class-wp-styles.php:350) in C:\Users\Grimaldo\Local Sites\plantel\app\public\wp-includes\pluggable.php on line 1435
[31-Oct-2024 19:47:02 UTC] PHP Warning:  Cannot modify header information - headers already sent by (output started at C:\Users\Grimaldo\Local Sites\plantel\app\public\wp-includes\class-wp-styles.php:350) in C:\Users\Grimaldo\Local Sites\plantel\app\public\wp-includes\pluggable.php on line 1438
[31-Oct-2024 19:47:46 UTC] PHP Warning:  Cannot modify header information - headers already sent by (output started at C:\Users\Grimaldo\Local Sites\plantel\app\public\wp-includes\class-wp-styles.php:214) in C:\Users\Grimaldo\Local Sites\plantel\app\public\wp-includes\pluggable.php on line 1093
[31-Oct-2024 19:47:46 UTC] PHP Warning:  Cannot modify header information - headers already sent by (output started at C:\Users\Grimaldo\Local Sites\plantel\app\public\wp-includes\class-wp-styles.php:214) in C:\Users\Grimaldo\Local Sites\plantel\app\public\wp-includes\pluggable.php on line 1094
[31-Oct-2024 19:47:46 UTC] PHP Warning:  Cannot modify header information - headers already sent by (output started at C:\Users\Grimaldo\Local Sites\plantel\app\public\wp-includes\class-wp-styles.php:214) in C:\Users\Grimaldo\Local Sites\plantel\app\public\wp-includes\pluggable.php on line 1095
[31-Oct-2024 19:47:46 UTC] PHP Warning:  Cannot modify header information - headers already sent by (output started at C:\Users\Grimaldo\Local Sites\plantel\app\public\wp-includes\class-wp-styles.php:214) in C:\Users\Grimaldo\Local Sites\plantel\app\public\wp-includes\pluggable.php on line 1435
[31-Oct-2024 19:47:46 UTC] PHP Warning:  Cannot modify header information - headers already sent by (output started at C:\Users\Grimaldo\Local Sites\plantel\app\public\wp-includes\class-wp-styles.php:214) in C:\Users\Grimaldo\Local Sites\plantel\app\public\wp-includes\pluggable.php on line 1438
[31-Oct-2024 19:54:37 UTC] PHP Warning:  Cannot modify header information - headers already sent by (output started at C:\Users\Grimaldo\Local Sites\plantel\app\public\wp-includes\class-wp-styles.php:214) in C:\Users\Grimaldo\Local Sites\plantel\app\public\wp-includes\pluggable.php on line 1093
[31-Oct-2024 19:54:37 UTC] PHP Warning:  Cannot modify header information - headers already sent by (output started at C:\Users\Grimaldo\Local Sites\plantel\app\public\wp-includes\class-wp-styles.php:214) in C:\Users\Grimaldo\Local Sites\plantel\app\public\wp-includes\pluggable.php on line 1094
[31-Oct-2024 19:54:37 UTC] PHP Warning:  Cannot modify header information - headers already sent by (output started at C:\Users\Grimaldo\Local Sites\plantel\app\public\wp-includes\class-wp-styles.php:214) in C:\Users\Grimaldo\Local Sites\plantel\app\public\wp-includes\pluggable.php on line 1095
[31-Oct-2024 19:54:37 UTC] PHP Warning:  Cannot modify header information - headers already sent by (output started at C:\Users\Grimaldo\Local Sites\plantel\app\public\wp-includes\class-wp-styles.php:214) in C:\Users\Grimaldo\Local Sites\plantel\app\public\wp-includes\pluggable.php on line 1435
[31-Oct-2024 19:54:37 UTC] PHP Warning:  Cannot modify header information - headers already sent by (output started at C:\Users\Grimaldo\Local Sites\plantel\app\public\wp-includes\class-wp-styles.php:214) in C:\Users\Grimaldo\Local Sites\plantel\app\public\wp-includes\pluggable.php on line 1438
[31-Oct-2024 20:08:59 UTC] PHP Warning:  Cannot modify header information - headers already sent by (output started at C:\Users\Grimaldo\Local Sites\plantel\app\public\wp-includes\class-wp-styles.php:214) in C:\Users\Grimaldo\Local Sites\plantel\app\public\wp-includes\pluggable.php on line 1093
[31-Oct-2024 20:08:59 UTC] PHP Warning:  Cannot modify header information - headers already sent by (output started at C:\Users\Grimaldo\Local Sites\plantel\app\public\wp-includes\class-wp-styles.php:214) in C:\Users\Grimaldo\Local Sites\plantel\app\public\wp-includes\pluggable.php on line 1094
[31-Oct-2024 20:08:59 UTC] PHP Warning:  Cannot modify header information - headers already sent by (output started at C:\Users\Grimaldo\Local Sites\plantel\app\public\wp-includes\class-wp-styles.php:214) in C:\Users\Grimaldo\Local Sites\plantel\app\public\wp-includes\pluggable.php on line 1095
[31-Oct-2024 20:08:59 UTC] PHP Fatal error:  Uncaught Error: Object of class WP_User could not be converted to string in C:\Users\Grimaldo\Local Sites\plantel\app\public\wp-content\themes\oslo-theme\page-registro-empresa.php:54
Stack trace:
#0 C:\Users\Grimaldo\Local Sites\plantel\app\public\wp-includes\template-loader.php(106): include()
#1 C:\Users\Grimaldo\Local Sites\plantel\app\public\wp-blog-header.php(19): require_once('C:\\Users\\Grimal...')
#2 C:\Users\Grimaldo\Local Sites\plantel\app\public\index.php(17): require('C:\\Users\\Grimal...')
#3 {main}
  thrown in C:\Users\Grimaldo\Local Sites\plantel\app\public\wp-content\themes\oslo-theme\page-registro-empresa.php on line 54
[31-Oct-2024 20:16:47 UTC] PHP Warning:  Cannot modify header information - headers already sent by (output started at C:\Users\Grimaldo\Local Sites\plantel\app\public\wp-includes\class-wp-styles.php:214) in C:\Users\Grimaldo\Local Sites\plantel\app\public\wp-includes\pluggable.php on line 1093
[31-Oct-2024 20:16:47 UTC] PHP Warning:  Cannot modify header information - headers already sent by (output started at C:\Users\Grimaldo\Local Sites\plantel\app\public\wp-includes\class-wp-styles.php:214) in C:\Users\Grimaldo\Local Sites\plantel\app\public\wp-includes\pluggable.php on line 1094
[31-Oct-2024 20:16:47 UTC] PHP Warning:  Cannot modify header information - headers already sent by (output started at C:\Users\Grimaldo\Local Sites\plantel\app\public\wp-includes\class-wp-styles.php:214) in C:\Users\Grimaldo\Local Sites\plantel\app\public\wp-includes\pluggable.php on line 1095
[31-Oct-2024 20:16:47 UTC] PHP Fatal error:  Uncaught Error: Object of class WP_User could not be converted to string in C:\Users\Grimaldo\Local Sites\plantel\app\public\wp-content\themes\oslo-theme\page-registro-empresa.php:54
Stack trace:
#0 C:\Users\Grimaldo\Local Sites\plantel\app\public\wp-includes\template-loader.php(106): include()
#1 C:\Users\Grimaldo\Local Sites\plantel\app\public\wp-blog-header.php(19): require_once('C:\\Users\\Grimal...')
#2 C:\Users\Grimaldo\Local Sites\plantel\app\public\index.php(17): require('C:\\Users\\Grimal...')
#3 {main}
  thrown in C:\Users\Grimaldo\Local Sites\plantel\app\public\wp-content\themes\oslo-theme\page-registro-empresa.php on line 54
[31-Oct-2024 20:16:58 UTC] PHP Warning:  Cannot modify header information - headers already sent by (output started at C:\Users\Grimaldo\Local Sites\plantel\app\public\wp-includes\class-wp-styles.php:214) in C:\Users\Grimaldo\Local Sites\plantel\app\public\wp-includes\pluggable.php on line 1093
[31-Oct-2024 20:16:58 UTC] PHP Warning:  Cannot modify header information - headers already sent by (output started at C:\Users\Grimaldo\Local Sites\plantel\app\public\wp-includes\class-wp-styles.php:214) in C:\Users\Grimaldo\Local Sites\plantel\app\public\wp-includes\pluggable.php on line 1094
[31-Oct-2024 20:16:58 UTC] PHP Warning:  Cannot modify header information - headers already sent by (output started at C:\Users\Grimaldo\Local Sites\plantel\app\public\wp-includes\class-wp-styles.php:214) in C:\Users\Grimaldo\Local Sites\plantel\app\public\wp-includes\pluggable.php on line 1095
[31-Oct-2024 20:16:58 UTC] PHP Fatal error:  Uncaught Error: Object of class WP_User could not be converted to string in C:\Users\Grimaldo\Local Sites\plantel\app\public\wp-content\themes\oslo-theme\page-registro-empresa.php:54
Stack trace:
#0 C:\Users\Grimaldo\Local Sites\plantel\app\public\wp-includes\template-loader.php(106): include()
#1 C:\Users\Grimaldo\Local Sites\plantel\app\public\wp-blog-header.php(19): require_once('C:\\Users\\Grimal...')
#2 C:\Users\Grimaldo\Local Sites\plantel\app\public\index.php(17): require('C:\\Users\\Grimal...')
#3 {main}
  thrown in C:\Users\Grimaldo\Local Sites\plantel\app\public\wp-content\themes\oslo-theme\page-registro-empresa.php on line 54
[31-Oct-2024 20:18:51 UTC] PHP Warning:  Cannot modify header information - headers already sent by (output started at C:\Users\Grimaldo\Local Sites\plantel\app\public\wp-includes\class-wp-styles.php:214) in C:\Users\Grimaldo\Local Sites\plantel\app\public\wp-includes\pluggable.php on line 1093
[31-Oct-2024 20:18:51 UTC] PHP Warning:  Cannot modify header information - headers already sent by (output started at C:\Users\Grimaldo\Local Sites\plantel\app\public\wp-includes\class-wp-styles.php:214) in C:\Users\Grimaldo\Local Sites\plantel\app\public\wp-includes\pluggable.php on line 1094
[31-Oct-2024 20:18:51 UTC] PHP Warning:  Cannot modify header information - headers already sent by (output started at C:\Users\Grimaldo\Local Sites\plantel\app\public\wp-includes\class-wp-styles.php:214) in C:\Users\Grimaldo\Local Sites\plantel\app\public\wp-includes\pluggable.php on line 1095
[31-Oct-2024 20:18:51 UTC] PHP Warning:  Cannot modify header information - headers already sent by (output started at C:\Users\Grimaldo\Local Sites\plantel\app\public\wp-includes\class-wp-styles.php:214) in C:\Users\Grimaldo\Local Sites\plantel\app\public\wp-includes\pluggable.php on line 1435
[31-Oct-2024 20:18:51 UTC] PHP Warning:  Cannot modify header information - headers already sent by (output started at C:\Users\Grimaldo\Local Sites\plantel\app\public\wp-includes\class-wp-styles.php:214) in C:\Users\Grimaldo\Local Sites\plantel\app\public\wp-includes\pluggable.php on line 1438
[31-Oct-2024 20:20:17 UTC] PHP Warning:  Cannot modify header information - headers already sent by (output started at C:\Users\Grimaldo\Local Sites\plantel\app\public\wp-includes\class-wp-styles.php:214) in C:\Users\Grimaldo\Local Sites\plantel\app\public\wp-includes\pluggable.php on line 1093
[31-Oct-2024 20:20:17 UTC] PHP Warning:  Cannot modify header information - headers already sent by (output started at C:\Users\Grimaldo\Local Sites\plantel\app\public\wp-includes\class-wp-styles.php:214) in C:\Users\Grimaldo\Local Sites\plantel\app\public\wp-includes\pluggable.php on line 1094
[31-Oct-2024 20:20:17 UTC] PHP Warning:  Cannot modify header information - headers already sent by (output started at C:\Users\Grimaldo\Local Sites\plantel\app\public\wp-includes\class-wp-styles.php:214) in C:\Users\Grimaldo\Local Sites\plantel\app\public\wp-includes\pluggable.php on line 1095
[31-Oct-2024 20:20:17 UTC] PHP Warning:  Cannot modify header information - headers already sent by (output started at C:\Users\Grimaldo\Local Sites\plantel\app\public\wp-includes\class-wp-styles.php:214) in C:\Users\Grimaldo\Local Sites\plantel\app\public\wp-includes\pluggable.php on line 1435
[31-Oct-2024 20:20:17 UTC] PHP Warning:  Cannot modify header information - headers already sent by (output started at C:\Users\Grimaldo\Local Sites\plantel\app\public\wp-includes\class-wp-styles.php:214) in C:\Users\Grimaldo\Local Sites\plantel\app\public\wp-includes\pluggable.php on line 1438
[31-Oct-2024 20:20:45 UTC] PHP Warning:  Cannot modify header information - headers already sent by (output started at C:\Users\Grimaldo\Local Sites\plantel\app\public\wp-includes\class-wp-styles.php:214) in C:\Users\Grimaldo\Local Sites\plantel\app\public\wp-includes\pluggable.php on line 1093
[31-Oct-2024 20:20:45 UTC] PHP Warning:  Cannot modify header information - headers already sent by (output started at C:\Users\Grimaldo\Local Sites\plantel\app\public\wp-includes\class-wp-styles.php:214) in C:\Users\Grimaldo\Local Sites\plantel\app\public\wp-includes\pluggable.php on line 1094
[31-Oct-2024 20:20:45 UTC] PHP Warning:  Cannot modify header information - headers already sent by (output started at C:\Users\Grimaldo\Local Sites\plantel\app\public\wp-includes\class-wp-styles.php:214) in C:\Users\Grimaldo\Local Sites\plantel\app\public\wp-includes\pluggable.php on line 1095
[31-Oct-2024 20:20:45 UTC] PHP Warning:  Cannot modify header information - headers already sent by (output started at C:\Users\Grimaldo\Local Sites\plantel\app\public\wp-includes\class-wp-styles.php:214) in C:\Users\Grimaldo\Local Sites\plantel\app\public\wp-includes\pluggable.php on line 1435
[31-Oct-2024 20:20:45 UTC] PHP Warning:  Cannot modify header information - headers already sent by (output started at C:\Users\Grimaldo\Local Sites\plantel\app\public\wp-includes\class-wp-styles.php:214) in C:\Users\Grimaldo\Local Sites\plantel\app\public\wp-includes\pluggable.php on line 1438
[31-Oct-2024 20:21:46 UTC] PHP Warning:  Cannot modify header information - headers already sent by (output started at C:\Users\Grimaldo\Local Sites\plantel\app\public\wp-includes\class-wp-styles.php:214) in C:\Users\Grimaldo\Local Sites\plantel\app\public\wp-includes\pluggable.php on line 1093
[31-Oct-2024 20:21:46 UTC] PHP Warning:  Cannot modify header information - headers already sent by (output started at C:\Users\Grimaldo\Local Sites\plantel\app\public\wp-includes\class-wp-styles.php:214) in C:\Users\Grimaldo\Local Sites\plantel\app\public\wp-includes\pluggable.php on line 1094
[31-Oct-2024 20:21:46 UTC] PHP Warning:  Cannot modify header information - headers already sent by (output started at C:\Users\Grimaldo\Local Sites\plantel\app\public\wp-includes\class-wp-styles.php:214) in C:\Users\Grimaldo\Local Sites\plantel\app\public\wp-includes\pluggable.php on line 1095
[31-Oct-2024 20:21:46 UTC] PHP Warning:  Cannot modify header information - headers already sent by (output started at C:\Users\Grimaldo\Local Sites\plantel\app\public\wp-includes\class-wp-styles.php:214) in C:\Users\Grimaldo\Local Sites\plantel\app\public\wp-includes\pluggable.php on line 1435
[31-Oct-2024 20:21:46 UTC] PHP Warning:  Cannot modify header information - headers already sent by (output started at C:\Users\Grimaldo\Local Sites\plantel\app\public\wp-includes\class-wp-styles.php:214) in C:\Users\Grimaldo\Local Sites\plantel\app\public\wp-includes\pluggable.php on line 1438
[31-Oct-2024 20:23:40 UTC] PHP Warning:  Cannot modify header information - headers already sent by (output started at C:\Users\Grimaldo\Local Sites\plantel\app\public\wp-includes\class-wp-styles.php:214) in C:\Users\Grimaldo\Local Sites\plantel\app\public\wp-includes\pluggable.php on line 1093
[31-Oct-2024 20:23:40 UTC] PHP Warning:  Cannot modify header information - headers already sent by (output started at C:\Users\Grimaldo\Local Sites\plantel\app\public\wp-includes\class-wp-styles.php:214) in C:\Users\Grimaldo\Local Sites\plantel\app\public\wp-includes\pluggable.php on line 1094
[31-Oct-2024 20:23:40 UTC] PHP Warning:  Cannot modify header information - headers already sent by (output started at C:\Users\Grimaldo\Local Sites\plantel\app\public\wp-includes\class-wp-styles.php:214) in C:\Users\Grimaldo\Local Sites\plantel\app\public\wp-includes\pluggable.php on line 1095
[31-Oct-2024 20:23:40 UTC] PHP Warning:  Cannot modify header information - headers already sent by (output started at C:\Users\Grimaldo\Local Sites\plantel\app\public\wp-includes\class-wp-styles.php:214) in C:\Users\Grimaldo\Local Sites\plantel\app\public\wp-includes\pluggable.php on line 1435
[31-Oct-2024 20:23:40 UTC] PHP Warning:  Cannot modify header information - headers already sent by (output started at C:\Users\Grimaldo\Local Sites\plantel\app\public\wp-includes\class-wp-styles.php:214) in C:\Users\Grimaldo\Local Sites\plantel\app\public\wp-includes\pluggable.php on line 1438
[31-Oct-2024 20:28:13 UTC] PHP Warning:  Cannot modify header information - headers already sent by (output started at C:\Users\Grimaldo\Local Sites\plantel\app\public\wp-includes\class-wp-styles.php:214) in C:\Users\Grimaldo\Local Sites\plantel\app\public\wp-includes\pluggable.php on line 1093
[31-Oct-2024 20:28:13 UTC] PHP Warning:  Cannot modify header information - headers already sent by (output started at C:\Users\Grimaldo\Local Sites\plantel\app\public\wp-includes\class-wp-styles.php:214) in C:\Users\Grimaldo\Local Sites\plantel\app\public\wp-includes\pluggable.php on line 1094
[31-Oct-2024 20:28:13 UTC] PHP Warning:  Cannot modify header information - headers already sent by (output started at C:\Users\Grimaldo\Local Sites\plantel\app\public\wp-includes\class-wp-styles.php:214) in C:\Users\Grimaldo\Local Sites\plantel\app\public\wp-includes\pluggable.php on line 1095
[31-Oct-2024 20:28:13 UTC] PHP Warning:  Cannot modify header information - headers already sent by (output started at C:\Users\Grimaldo\Local Sites\plantel\app\public\wp-includes\class-wp-styles.php:214) in C:\Users\Grimaldo\Local Sites\plantel\app\public\wp-includes\pluggable.php on line 1435
[31-Oct-2024 20:28:13 UTC] PHP Warning:  Cannot modify header information - headers already sent by (output started at C:\Users\Grimaldo\Local Sites\plantel\app\public\wp-includes\class-wp-styles.php:214) in C:\Users\Grimaldo\Local Sites\plantel\app\public\wp-includes\pluggable.php on line 1438
[31-Oct-2024 20:28:16 UTC] PHP Warning:  Cannot modify header information - headers already sent by (output started at C:\Users\Grimaldo\Local Sites\plantel\app\public\wp-includes\class-wp-styles.php:214) in C:\Users\Grimaldo\Local Sites\plantel\app\public\wp-includes\pluggable.php on line 1093
[31-Oct-2024 20:28:16 UTC] PHP Warning:  Cannot modify header information - headers already sent by (output started at C:\Users\Grimaldo\Local Sites\plantel\app\public\wp-includes\class-wp-styles.php:214) in C:\Users\Grimaldo\Local Sites\plantel\app\public\wp-includes\pluggable.php on line 1094
[31-Oct-2024 20:28:16 UTC] PHP Warning:  Cannot modify header information - headers already sent by (output started at C:\Users\Grimaldo\Local Sites\plantel\app\public\wp-includes\class-wp-styles.php:214) in C:\Users\Grimaldo\Local Sites\plantel\app\public\wp-includes\pluggable.php on line 1095
[31-Oct-2024 20:28:16 UTC] PHP Warning:  Cannot modify header information - headers already sent by (output started at C:\Users\Grimaldo\Local Sites\plantel\app\public\wp-includes\class-wp-styles.php:214) in C:\Users\Grimaldo\Local Sites\plantel\app\public\wp-includes\pluggable.php on line 1435
[31-Oct-2024 20:28:16 UTC] PHP Warning:  Cannot modify header information - headers already sent by (output started at C:\Users\Grimaldo\Local Sites\plantel\app\public\wp-includes\class-wp-styles.php:214) in C:\Users\Grimaldo\Local Sites\plantel\app\public\wp-includes\pluggable.php on line 1438
[31-Oct-2024 20:29:35 UTC] PHP Warning:  Cannot modify header information - headers already sent by (output started at C:\Users\Grimaldo\Local Sites\plantel\app\public\wp-includes\class-wp-styles.php:214) in C:\Users\Grimaldo\Local Sites\plantel\app\public\wp-includes\pluggable.php on line 1093
[31-Oct-2024 20:29:35 UTC] PHP Warning:  Cannot modify header information - headers already sent by (output started at C:\Users\Grimaldo\Local Sites\plantel\app\public\wp-includes\class-wp-styles.php:214) in C:\Users\Grimaldo\Local Sites\plantel\app\public\wp-includes\pluggable.php on line 1094
[31-Oct-2024 20:29:35 UTC] PHP Warning:  Cannot modify header information - headers already sent by (output started at C:\Users\Grimaldo\Local Sites\plantel\app\public\wp-includes\class-wp-styles.php:214) in C:\Users\Grimaldo\Local Sites\plantel\app\public\wp-includes\pluggable.php on line 1095
[31-Oct-2024 20:29:35 UTC] PHP Warning:  Cannot modify header information - headers already sent by (output started at C:\Users\Grimaldo\Local Sites\plantel\app\public\wp-includes\class-wp-styles.php:214) in C:\Users\Grimaldo\Local Sites\plantel\app\public\wp-includes\pluggable.php on line 1435
[31-Oct-2024 20:29:35 UTC] PHP Warning:  Cannot modify header information - headers already sent by (output started at C:\Users\Grimaldo\Local Sites\plantel\app\public\wp-includes\class-wp-styles.php:214) in C:\Users\Grimaldo\Local Sites\plantel\app\public\wp-includes\pluggable.php on line 1438
[31-Oct-2024 20:34:10 UTC] PHP Warning:  Cannot modify header information - headers already sent by (output started at C:\Users\Grimaldo\Local Sites\plantel\app\public\wp-includes\class-wp-styles.php:214) in C:\Users\Grimaldo\Local Sites\plantel\app\public\wp-includes\pluggable.php on line 1093
[31-Oct-2024 20:34:10 UTC] PHP Warning:  Cannot modify header information - headers already sent by (output started at C:\Users\Grimaldo\Local Sites\plantel\app\public\wp-includes\class-wp-styles.php:214) in C:\Users\Grimaldo\Local Sites\plantel\app\public\wp-includes\pluggable.php on line 1094
[31-Oct-2024 20:34:10 UTC] PHP Warning:  Cannot modify header information - headers already sent by (output started at C:\Users\Grimaldo\Local Sites\plantel\app\public\wp-includes\class-wp-styles.php:214) in C:\Users\Grimaldo\Local Sites\plantel\app\public\wp-includes\pluggable.php on line 1095
[31-Oct-2024 20:34:10 UTC] PHP Warning:  Cannot modify header information - headers already sent by (output started at C:\Users\Grimaldo\Local Sites\plantel\app\public\wp-includes\class-wp-styles.php:214) in C:\Users\Grimaldo\Local Sites\plantel\app\public\wp-includes\pluggable.php on line 1435
[31-Oct-2024 20:34:10 UTC] PHP Warning:  Cannot modify header information - headers already sent by (output started at C:\Users\Grimaldo\Local Sites\plantel\app\public\wp-includes\class-wp-styles.php:214) in C:\Users\Grimaldo\Local Sites\plantel\app\public\wp-includes\pluggable.php on line 1438
[31-Oct-2024 20:34:26 UTC] PHP Warning:  Cannot modify header information - headers already sent by (output started at C:\Users\Grimaldo\Local Sites\plantel\app\public\wp-includes\class-wp-styles.php:214) in C:\Users\Grimaldo\Local Sites\plantel\app\public\wp-includes\pluggable.php on line 1093
[31-Oct-2024 20:34:26 UTC] PHP Warning:  Cannot modify header information - headers already sent by (output started at C:\Users\Grimaldo\Local Sites\plantel\app\public\wp-includes\class-wp-styles.php:214) in C:\Users\Grimaldo\Local Sites\plantel\app\public\wp-includes\pluggable.php on line 1094
[31-Oct-2024 20:34:26 UTC] PHP Warning:  Cannot modify header information - headers already sent by (output started at C:\Users\Grimaldo\Local Sites\plantel\app\public\wp-includes\class-wp-styles.php:214) in C:\Users\Grimaldo\Local Sites\plantel\app\public\wp-includes\pluggable.php on line 1095
[31-Oct-2024 20:34:26 UTC] PHP Warning:  Cannot modify header information - headers already sent by (output started at C:\Users\Grimaldo\Local Sites\plantel\app\public\wp-includes\class-wp-styles.php:214) in C:\Users\Grimaldo\Local Sites\plantel\app\public\wp-includes\pluggable.php on line 1435
[31-Oct-2024 20:34:26 UTC] PHP Warning:  Cannot modify header information - headers already sent by (output started at C:\Users\Grimaldo\Local Sites\plantel\app\public\wp-includes\class-wp-styles.php:214) in C:\Users\Grimaldo\Local Sites\plantel\app\public\wp-includes\pluggable.php on line 1438
[31-Oct-2024 20:35:52 UTC] PHP Warning:  Cannot modify header information - headers already sent by (output started at C:\Users\Grimaldo\Local Sites\plantel\app\public\wp-includes\class-wp-styles.php:214) in C:\Users\Grimaldo\Local Sites\plantel\app\public\wp-includes\pluggable.php on line 1093
[31-Oct-2024 20:35:52 UTC] PHP Warning:  Cannot modify header information - headers already sent by (output started at C:\Users\Grimaldo\Local Sites\plantel\app\public\wp-includes\class-wp-styles.php:214) in C:\Users\Grimaldo\Local Sites\plantel\app\public\wp-includes\pluggable.php on line 1094
[31-Oct-2024 20:35:52 UTC] PHP Warning:  Cannot modify header information - headers already sent by (output started at C:\Users\Grimaldo\Local Sites\plantel\app\public\wp-includes\class-wp-styles.php:214) in C:\Users\Grimaldo\Local Sites\plantel\app\public\wp-includes\pluggable.php on line 1095
[31-Oct-2024 20:35:52 UTC] PHP Warning:  Cannot modify header information - headers already sent by (output started at C:\Users\Grimaldo\Local Sites\plantel\app\public\wp-includes\class-wp-styles.php:214) in C:\Users\Grimaldo\Local Sites\plantel\app\public\wp-includes\pluggable.php on line 1435
[31-Oct-2024 20:35:52 UTC] PHP Warning:  Cannot modify header information - headers already sent by (output started at C:\Users\Grimaldo\Local Sites\plantel\app\public\wp-includes\class-wp-styles.php:214) in C:\Users\Grimaldo\Local Sites\plantel\app\public\wp-includes\pluggable.php on line 1438
[31-Oct-2024 20:36:08 UTC] PHP Warning:  Cannot modify header information - headers already sent by (output started at C:\Users\Grimaldo\Local Sites\plantel\app\public\wp-includes\class-wp-styles.php:214) in C:\Users\Grimaldo\Local Sites\plantel\app\public\wp-includes\pluggable.php on line 1093
[31-Oct-2024 20:36:08 UTC] PHP Warning:  Cannot modify header information - headers already sent by (output started at C:\Users\Grimaldo\Local Sites\plantel\app\public\wp-includes\class-wp-styles.php:214) in C:\Users\Grimaldo\Local Sites\plantel\app\public\wp-includes\pluggable.php on line 1094
[31-Oct-2024 20:36:08 UTC] PHP Warning:  Cannot modify header information - headers already sent by (output started at C:\Users\Grimaldo\Local Sites\plantel\app\public\wp-includes\class-wp-styles.php:214) in C:\Users\Grimaldo\Local Sites\plantel\app\public\wp-includes\pluggable.php on line 1095
[31-Oct-2024 20:36:08 UTC] PHP Warning:  Cannot modify header information - headers already sent by (output started at C:\Users\Grimaldo\Local Sites\plantel\app\public\wp-includes\class-wp-styles.php:214) in C:\Users\Grimaldo\Local Sites\plantel\app\public\wp-includes\pluggable.php on line 1435
[31-Oct-2024 20:36:08 UTC] PHP Warning:  Cannot modify header information - headers already sent by (output started at C:\Users\Grimaldo\Local Sites\plantel\app\public\wp-includes\class-wp-styles.php:214) in C:\Users\Grimaldo\Local Sites\plantel\app\public\wp-includes\pluggable.php on line 1438
[22-Nov-2024 17:22:47 UTC] PHP Warning:  mysqli_real_connect(): (HY000/2002): No connection could be made because the target machine actively refused it in C:\Users\Grimaldo\Local Sites\plantel\app\public\wp-includes\class-wpdb.php on line 1982
[22-Nov-2024 17:22:55 UTC] Automatic updates starting...
[22-Nov-2024 17:22:55 UTC]   Automatic plugin updates starting...
[22-Nov-2024 17:22:55 UTC]   Automatic plugin updates complete.
[22-Nov-2024 17:22:55 UTC] Automatic updates complete.
[22-Nov-2024 17:26:56 UTC] PHP Warning:  Cannot modify header information - headers already sent by (output started at C:\Users\Grimaldo\Local Sites\plantel\app\public\wp-includes\class-wp-styles.php:214) in C:\Users\Grimaldo\Local Sites\plantel\app\public\wp-includes\pluggable.php on line 1093
[22-Nov-2024 17:26:56 UTC] PHP Warning:  Cannot modify header information - headers already sent by (output started at C:\Users\Grimaldo\Local Sites\plantel\app\public\wp-includes\class-wp-styles.php:214) in C:\Users\Grimaldo\Local Sites\plantel\app\public\wp-includes\pluggable.php on line 1094
[22-Nov-2024 17:26:56 UTC] PHP Warning:  Cannot modify header information - headers already sent by (output started at C:\Users\Grimaldo\Local Sites\plantel\app\public\wp-includes\class-wp-styles.php:214) in C:\Users\Grimaldo\Local Sites\plantel\app\public\wp-includes\pluggable.php on line 1095
[22-Nov-2024 17:26:56 UTC] PHP Warning:  Cannot modify header information - headers already sent by (output started at C:\Users\Grimaldo\Local Sites\plantel\app\public\wp-includes\class-wp-styles.php:214) in C:\Users\Grimaldo\Local Sites\plantel\app\public\wp-includes\pluggable.php on line 1435
[22-Nov-2024 17:26:56 UTC] PHP Warning:  Cannot modify header information - headers already sent by (output started at C:\Users\Grimaldo\Local Sites\plantel\app\public\wp-includes\class-wp-styles.php:214) in C:\Users\Grimaldo\Local Sites\plantel\app\public\wp-includes\pluggable.php on line 1438
[22-Nov-2024 17:37:08 UTC] PHP Warning:  Cannot modify header information - headers already sent by (output started at C:\Users\Grimaldo\Local Sites\plantel\app\public\wp-includes\class-wp-styles.php:214) in C:\Users\Grimaldo\Local Sites\plantel\app\public\wp-includes\pluggable.php on line 1093
[22-Nov-2024 17:37:08 UTC] PHP Warning:  Cannot modify header information - headers already sent by (output started at C:\Users\Grimaldo\Local Sites\plantel\app\public\wp-includes\class-wp-styles.php:214) in C:\Users\Grimaldo\Local Sites\plantel\app\public\wp-includes\pluggable.php on line 1094
[22-Nov-2024 17:37:08 UTC] PHP Warning:  Cannot modify header information - headers already sent by (output started at C:\Users\Grimaldo\Local Sites\plantel\app\public\wp-includes\class-wp-styles.php:214) in C:\Users\Grimaldo\Local Sites\plantel\app\public\wp-includes\pluggable.php on line 1095
[22-Nov-2024 17:37:08 UTC] PHP Warning:  Cannot modify header information - headers already sent by (output started at C:\Users\Grimaldo\Local Sites\plantel\app\public\wp-includes\class-wp-styles.php:214) in C:\Users\Grimaldo\Local Sites\plantel\app\public\wp-includes\pluggable.php on line 1435
[22-Nov-2024 17:37:08 UTC] PHP Warning:  Cannot modify header information - headers already sent by (output started at C:\Users\Grimaldo\Local Sites\plantel\app\public\wp-includes\class-wp-styles.php:214) in C:\Users\Grimaldo\Local Sites\plantel\app\public\wp-includes\pluggable.php on line 1438
[22-Nov-2024 17:46:42 UTC] PHP Warning:  Cannot modify header information - headers already sent by (output started at C:\Users\Grimaldo\Local Sites\plantel\app\public\wp-includes\class-wp-styles.php:214) in C:\Users\Grimaldo\Local Sites\plantel\app\public\wp-includes\pluggable.php on line 1093
[22-Nov-2024 17:46:42 UTC] PHP Warning:  Cannot modify header information - headers already sent by (output started at C:\Users\Grimaldo\Local Sites\plantel\app\public\wp-includes\class-wp-styles.php:214) in C:\Users\Grimaldo\Local Sites\plantel\app\public\wp-includes\pluggable.php on line 1094
[22-Nov-2024 17:46:42 UTC] PHP Warning:  Cannot modify header information - headers already sent by (output started at C:\Users\Grimaldo\Local Sites\plantel\app\public\wp-includes\class-wp-styles.php:214) in C:\Users\Grimaldo\Local Sites\plantel\app\public\wp-includes\pluggable.php on line 1095
[22-Nov-2024 17:46:42 UTC] PHP Warning:  Cannot modify header information - headers already sent by (output started at C:\Users\Grimaldo\Local Sites\plantel\app\public\wp-includes\class-wp-styles.php:214) in C:\Users\Grimaldo\Local Sites\plantel\app\public\wp-includes\pluggable.php on line 1435
[22-Nov-2024 17:46:42 UTC] PHP Warning:  Cannot modify header information - headers already sent by (output started at C:\Users\Grimaldo\Local Sites\plantel\app\public\wp-includes\class-wp-styles.php:214) in C:\Users\Grimaldo\Local Sites\plantel\app\public\wp-includes\pluggable.php on line 1438
[22-Nov-2024 17:47:02 UTC] PHP Warning:  Cannot modify header information - headers already sent by (output started at C:\Users\Grimaldo\Local Sites\plantel\app\public\wp-includes\class-wp-styles.php:214) in C:\Users\Grimaldo\Local Sites\plantel\app\public\wp-includes\pluggable.php on line 1093
[22-Nov-2024 17:47:02 UTC] PHP Warning:  Cannot modify header information - headers already sent by (output started at C:\Users\Grimaldo\Local Sites\plantel\app\public\wp-includes\class-wp-styles.php:214) in C:\Users\Grimaldo\Local Sites\plantel\app\public\wp-includes\pluggable.php on line 1094
[22-Nov-2024 17:47:02 UTC] PHP Warning:  Cannot modify header information - headers already sent by (output started at C:\Users\Grimaldo\Local Sites\plantel\app\public\wp-includes\class-wp-styles.php:214) in C:\Users\Grimaldo\Local Sites\plantel\app\public\wp-includes\pluggable.php on line 1095
[22-Nov-2024 17:47:02 UTC] PHP Warning:  Cannot modify header information - headers already sent by (output started at C:\Users\Grimaldo\Local Sites\plantel\app\public\wp-includes\class-wp-styles.php:214) in C:\Users\Grimaldo\Local Sites\plantel\app\public\wp-includes\pluggable.php on line 1435
[22-Nov-2024 17:47:02 UTC] PHP Warning:  Cannot modify header information - headers already sent by (output started at C:\Users\Grimaldo\Local Sites\plantel\app\public\wp-includes\class-wp-styles.php:214) in C:\Users\Grimaldo\Local Sites\plantel\app\public\wp-includes\pluggable.php on line 1438
[22-Nov-2024 17:49:24 UTC] Procesando inicio de sesin de empresa
[22-Nov-2024 17:49:24 UTC] PHP Warning:  Cannot modify header information - headers already sent by (output started at C:\Users\Grimaldo\Local Sites\plantel\app\public\wp-includes\class-wp-styles.php:214) in C:\Users\Grimaldo\Local Sites\plantel\app\public\wp-includes\pluggable.php on line 1093
[22-Nov-2024 17:49:24 UTC] PHP Warning:  Cannot modify header information - headers already sent by (output started at C:\Users\Grimaldo\Local Sites\plantel\app\public\wp-includes\class-wp-styles.php:214) in C:\Users\Grimaldo\Local Sites\plantel\app\public\wp-includes\pluggable.php on line 1094
[22-Nov-2024 17:49:24 UTC] PHP Warning:  Cannot modify header information - headers already sent by (output started at C:\Users\Grimaldo\Local Sites\plantel\app\public\wp-includes\class-wp-styles.php:214) in C:\Users\Grimaldo\Local Sites\plantel\app\public\wp-includes\pluggable.php on line 1095
[22-Nov-2024 17:49:24 UTC] PHP Warning:  Cannot modify header information - headers already sent by (output started at C:\Users\Grimaldo\Local Sites\plantel\app\public\wp-includes\class-wp-styles.php:214) in C:\Users\Grimaldo\Local Sites\plantel\app\public\wp-includes\pluggable.php on line 1435
[22-Nov-2024 17:49:24 UTC] PHP Warning:  Cannot modify header information - headers already sent by (output started at C:\Users\Grimaldo\Local Sites\plantel\app\public\wp-includes\class-wp-styles.php:214) in C:\Users\Grimaldo\Local Sites\plantel\app\public\wp-includes\pluggable.php on line 1438
[22-Nov-2024 17:49:40 UTC] Procesando inicio de sesin de empresa
[22-Nov-2024 17:49:40 UTC] PHP Warning:  Cannot modify header information - headers already sent by (output started at C:\Users\Grimaldo\Local Sites\plantel\app\public\wp-includes\class-wp-styles.php:214) in C:\Users\Grimaldo\Local Sites\plantel\app\public\wp-includes\pluggable.php on line 1093
[22-Nov-2024 17:49:40 UTC] PHP Warning:  Cannot modify header information - headers already sent by (output started at C:\Users\Grimaldo\Local Sites\plantel\app\public\wp-includes\class-wp-styles.php:214) in C:\Users\Grimaldo\Local Sites\plantel\app\public\wp-includes\pluggable.php on line 1094
[22-Nov-2024 17:49:40 UTC] PHP Warning:  Cannot modify header information - headers already sent by (output started at C:\Users\Grimaldo\Local Sites\plantel\app\public\wp-includes\class-wp-styles.php:214) in C:\Users\Grimaldo\Local Sites\plantel\app\public\wp-includes\pluggable.php on line 1095
[22-Nov-2024 17:49:40 UTC] PHP Warning:  Cannot modify header information - headers already sent by (output started at C:\Users\Grimaldo\Local Sites\plantel\app\public\wp-includes\class-wp-styles.php:214) in C:\Users\Grimaldo\Local Sites\plantel\app\public\wp-includes\pluggable.php on line 1435
[22-Nov-2024 17:49:40 UTC] PHP Warning:  Cannot modify header information - headers already sent by (output started at C:\Users\Grimaldo\Local Sites\plantel\app\public\wp-includes\class-wp-styles.php:214) in C:\Users\Grimaldo\Local Sites\plantel\app\public\wp-includes\pluggable.php on line 1438
[22-Nov-2024 18:00:12 UTC] Procesando inicio de sesin de empresa
[22-Nov-2024 18:00:12 UTC] PHP Warning:  Cannot modify header information - headers already sent by (output started at C:\Users\Grimaldo\Local Sites\plantel\app\public\wp-includes\class-wp-styles.php:214) in C:\Users\Grimaldo\Local Sites\plantel\app\public\wp-includes\pluggable.php on line 1093
[22-Nov-2024 18:00:12 UTC] PHP Warning:  Cannot modify header information - headers already sent by (output started at C:\Users\Grimaldo\Local Sites\plantel\app\public\wp-includes\class-wp-styles.php:214) in C:\Users\Grimaldo\Local Sites\plantel\app\public\wp-includes\pluggable.php on line 1094
[22-Nov-2024 18:00:12 UTC] PHP Warning:  Cannot modify header information - headers already sent by (output started at C:\Users\Grimaldo\Local Sites\plantel\app\public\wp-includes\class-wp-styles.php:214) in C:\Users\Grimaldo\Local Sites\plantel\app\public\wp-includes\pluggable.php on line 1095
[22-Nov-2024 18:00:12 UTC] PHP Warning:  Cannot modify header information - headers already sent by (output started at C:\Users\Grimaldo\Local Sites\plantel\app\public\wp-includes\class-wp-styles.php:214) in C:\Users\Grimaldo\Local Sites\plantel\app\public\wp-includes\pluggable.php on line 1435
[22-Nov-2024 18:00:12 UTC] PHP Warning:  Cannot modify header information - headers already sent by (output started at C:\Users\Grimaldo\Local Sites\plantel\app\public\wp-includes\class-wp-styles.php:214) in C:\Users\Grimaldo\Local Sites\plantel\app\public\wp-includes\pluggable.php on line 1438
[22-Nov-2024 18:06:40 UTC] Procesando inicio de sesin de empresa
[22-Nov-2024 18:06:47 UTC] Usuario ya logueado, redirigiendo a /agencias
[22-Nov-2024 18:06:52 UTC] Usuario ya logueado, redirigiendo a /agencias
[22-Nov-2024 18:06:59 UTC] Usuario ya logueado, redirigiendo a /agencias
[22-Nov-2024 18:17:24 UTC] Procesando inicio de sesin de empresa
[22-Nov-2024 19:00:28 UTC] Procesando registro de empresa
[22-Nov-2024 19:00:53 UTC] Procesando inicio de sesin de empresa
[22-Nov-2024 19:06:57 UTC] Procesando inicio de sesin de empresa
[23-Nov-2024 13:34:39 UTC] PHP Warning:  mysqli_real_connect(): (HY000/2002): No connection could be made because the target machine actively refused it in C:\Users\Grimaldo\Local Sites\plantel\app\public\wp-includes\class-wpdb.php on line 1982
[23-Nov-2024 13:35:59 UTC] Automatic updates starting...
[23-Nov-2024 13:35:59 UTC] Automatic updates complete.
[23-Nov-2024 13:36:37 UTC] Procesando inicio de sesin de empresa
[23-Nov-2024 14:38:21 UTC] Procesando registro de empresa
[23-Nov-2024 20:43:01 UTC] Automatic updates starting...
[23-Nov-2024 20:43:01 UTC] Procesando registro de empresa
[23-Nov-2024 20:43:02 UTC] Automatic updates complete.
[23-Nov-2024 21:55:11 UTC] Procesando inicio de sesin de empresa
[23-Nov-2024 21:55:19 UTC] Usuario ya logueado, redirigiendo a /agencias
[23-Nov-2024 21:55:22 UTC] Usuario ya logueado, redirigiendo a /agencias
[23-Nov-2024 21:55:56 UTC] Procesando registro de empresa
[23-Nov-2024 21:56:19 UTC] Procesando registro de empresa
[23-Nov-2024 21:56:47 UTC] Procesando registro de empresa
[23-Nov-2024 21:58:01 UTC] Procesando registro de empresa
[23-Nov-2024 22:02:18 UTC] Procesando registro de empresa
[23-Nov-2024 22:02:50 UTC] Procesando registro de empresa
[23-Nov-2024 22:03:14 UTC] Procesando registro de empresa
[23-Nov-2024 22:04:55 UTC] Procesando registro de empresa
[23-Nov-2024 22:05:22 UTC] Procesando registro de empresa
[23-Nov-2024 22:05:52 UTC] Procesando registro de empresa
[23-Nov-2024 22:07:17 UTC] Procesando registro de empresa
[23-Nov-2024 22:07:23 UTC] Procesando registro de empresa
[23-Nov-2024 22:08:06 UTC] Procesando registro de empresa
[23-Nov-2024 22:08:36 UTC] Procesando registro de empresa
[23-Nov-2024 22:09:02 UTC] Procesando registro de empresa
[23-Nov-2024 22:09:33 UTC] Procesando registro de empresa
[23-Nov-2024 22:10:01 UTC] Procesando registro de empresa
[23-Nov-2024 22:10:26 UTC] Procesando registro de empresa
[23-Nov-2024 22:10:49 UTC] Procesando inicio de sesin de empresa
[23-Nov-2024 22:15:06 UTC] Procesando registro de empresa
[23-Nov-2024 22:15:06 UTC] PHP Warning:  Undefined array key "passwordConfirma" in C:\Users\Grimaldo\Local Sites\plantel\app\public\wp-content\themes\oslo-theme\page-registro-empresa.php on line 20
[23-Nov-2024 22:17:09 UTC] Usuario ya logueado, redirigiendo a /agencias
[23-Nov-2024 22:18:30 UTC] Procesando registro de empresa
[23-Nov-2024 22:18:52 UTC] Procesando registro de empresa
[23-Nov-2024 22:22:50 UTC] Usuario ya logueado, redirigiendo a /agencias
[23-Nov-2024 22:23:23 UTC] Procesando registro de empresa
[23-Nov-2024 22:23:30 UTC] Procesando registro de empresa
[23-Nov-2024 22:25:05 UTC] Procesando registro de empresa
[23-Nov-2024 22:25:11 UTC] Procesando registro de empresa
[23-Nov-2024 22:25:11 UTC] PHP Warning:  Undefined variable $cadastrado in C:\Users\Grimaldo\Local Sites\plantel\app\public\wp-content\themes\oslo-theme\page-registro-empresa.php on line 107
[23-Nov-2024 22:28:08 UTC] PHP Warning:  Undefined variable $cadastrado in C:\Users\Grimaldo\Local Sites\plantel\app\public\wp-content\themes\oslo-theme\page-registro-empresa.php on line 107
[23-Nov-2024 22:29:27 UTC] PHP Warning:  Undefined variable $cadastrado in C:\Users\Grimaldo\Local Sites\plantel\app\public\wp-content\themes\oslo-theme\page-registro-empresa.php on line 107
[23-Nov-2024 22:35:27 UTC] PHP Fatal error:  Uncaught Error: Undefined constant "Avifinfo\UNDEFINED" in C:\Users\Grimaldo\Local Sites\plantel\app\public\wp-content\themes\oslo-theme\page-registro-empresa.php:111
Stack trace:
#0 C:\Users\Grimaldo\Local Sites\plantel\app\public\wp-includes\template-loader.php(106): include()
#1 C:\Users\Grimaldo\Local Sites\plantel\app\public\wp-blog-header.php(19): require_once('C:\\Users\\Grimal...')
#2 C:\Users\Grimaldo\Local Sites\plantel\app\public\index.php(17): require('C:\\Users\\Grimal...')
#3 {main}
  thrown in C:\Users\Grimaldo\Local Sites\plantel\app\public\wp-content\themes\oslo-theme\page-registro-empresa.php on line 111
[23-Nov-2024 22:36:32 UTC] PHP Fatal error:  Uncaught Error: Undefined constant "Avifinfo\UNDEFINED" in C:\Users\Grimaldo\Local Sites\plantel\app\public\wp-content\themes\oslo-theme\page-registro-empresa.php:111
Stack trace:
#0 C:\Users\Grimaldo\Local Sites\plantel\app\public\wp-includes\template-loader.php(106): include()
#1 C:\Users\Grimaldo\Local Sites\plantel\app\public\wp-blog-header.php(19): require_once('C:\\Users\\Grimal...')
#2 C:\Users\Grimaldo\Local Sites\plantel\app\public\index.php(17): require('C:\\Users\\Grimal...')
#3 {main}
  thrown in C:\Users\Grimaldo\Local Sites\plantel\app\public\wp-content\themes\oslo-theme\page-registro-empresa.php on line 111
[23-Nov-2024 22:36:33 UTC] PHP Fatal error:  Uncaught Error: Undefined constant "Avifinfo\UNDEFINED" in C:\Users\Grimaldo\Local Sites\plantel\app\public\wp-content\themes\oslo-theme\page-registro-empresa.php:111
Stack trace:
#0 C:\Users\Grimaldo\Local Sites\plantel\app\public\wp-includes\template-loader.php(106): include()
#1 C:\Users\Grimaldo\Local Sites\plantel\app\public\wp-blog-header.php(19): require_once('C:\\Users\\Grimal...')
#2 C:\Users\Grimaldo\Local Sites\plantel\app\public\index.php(17): require('C:\\Users\\Grimal...')
#3 {main}
  thrown in C:\Users\Grimaldo\Local Sites\plantel\app\public\wp-content\themes\oslo-theme\page-registro-empresa.php on line 111
[23-Nov-2024 22:37:14 UTC] PHP Fatal error:  Uncaught Error: Undefined constant "Avifinfo\UNDEFINED" in C:\Users\Grimaldo\Local Sites\plantel\app\public\wp-content\themes\oslo-theme\page-registro-empresa.php:111
Stack trace:
#0 C:\Users\Grimaldo\Local Sites\plantel\app\public\wp-includes\template-loader.php(106): include()
#1 C:\Users\Grimaldo\Local Sites\plantel\app\public\wp-blog-header.php(19): require_once('C:\\Users\\Grimal...')
#2 C:\Users\Grimaldo\Local Sites\plantel\app\public\index.php(17): require('C:\\Users\\Grimal...')
#3 {main}
  thrown in C:\Users\Grimaldo\Local Sites\plantel\app\public\wp-content\themes\oslo-theme\page-registro-empresa.php on line 111
[23-Nov-2024 22:38:53 UTC] Procesando registro de empresa
[23-Nov-2024 22:42:16 UTC] Usuario ya logueado, redirigiendo a /agencias
[23-Nov-2024 22:42:45 UTC] Usuario ya logueado, redirigiendo a /agencias
[23-Nov-2024 22:43:13 UTC] Procesando registro de empresa
[23-Nov-2024 22:50:18 UTC] Procesando registro de empresa
[23-Nov-2024 22:50:18 UTC] PHP Fatal error:  Uncaught Error: Call to undefined function msg_send() in C:\Users\Grimaldo\Local Sites\plantel\app\public\wp-content\themes\oslo-theme\page-registro-empresa.php:46
Stack trace:
#0 C:\Users\Grimaldo\Local Sites\plantel\app\public\wp-includes\template-loader.php(106): include()
#1 C:\Users\Grimaldo\Local Sites\plantel\app\public\wp-blog-header.php(19): require_once('C:\\Users\\Grimal...')
#2 C:\Users\Grimaldo\Local Sites\plantel\app\public\index.php(17): require('C:\\Users\\Grimal...')
#3 {main}
  thrown in C:\Users\Grimaldo\Local Sites\plantel\app\public\wp-content\themes\oslo-theme\page-registro-empresa.php on line 46
[23-Nov-2024 22:52:53 UTC] Procesando registro de empresa
[23-Nov-2024 22:53:13 UTC] Procesando registro de empresa
[23-Nov-2024 22:53:28 UTC] Procesando registro de empresa
[23-Nov-2024 23:01:52 UTC] Procesando registro de empresa
[23-Nov-2024 23:02:41 UTC] Procesando inicio de sesin de empresa
[24-Nov-2024 02:24:18 UTC] PHP Warning:  mysqli_real_connect(): (HY000/2002): No connection could be made because the target machine actively refused it in C:\Users\Grimaldo\Local Sites\plantel\app\public\wp-includes\class-wpdb.php on line 1982
[24-Nov-2024 02:36:50 UTC] Procesando inicio de sesin de empresa
[24-Nov-2024 02:48:57 UTC] Usuario ya logueado, redirigiendo a /agencias
[24-Nov-2024 02:49:33 UTC] Procesando registro de empresa
[24-Nov-2024 02:50:07 UTC] Procesando inicio de sesin de empresa
[24-Nov-2024 02:52:21 UTC] Procesando inicio de sesin de empresa
[24-Nov-2024 02:53:17 UTC] Procesando inicio de sesin de empresa
[24-Nov-2024 02:55:07 UTC] Procesando inicio de sesin de empresa
[24-Nov-2024 03:06:25 UTC] Usuario ya logueado, redirigiendo a /agencias
[24-Nov-2024 03:22:10 UTC] Procesando registro de empresa
[24-Nov-2024 03:22:39 UTC] Procesando inicio de sesin de empresa
[24-Nov-2024 03:23:44 UTC] PHP Fatal error:  Uncaught TypeError: call_user_func_array(): Argument #1 ($callback) must be a valid callback, function "mostrar_empresas_registradas" not found or invalid function name in C:\Users\Grimaldo\Local Sites\plantel\app\public\wp-includes\class-wp-hook.php:324
Stack trace:
#0 C:\Users\Grimaldo\Local Sites\plantel\app\public\wp-includes\class-wp-hook.php(348): WP_Hook->apply_filters('', Array)
#1 C:\Users\Grimaldo\Local Sites\plantel\app\public\wp-includes\plugin.php(517): WP_Hook->do_action(Array)
#2 C:\Users\Grimaldo\Local Sites\plantel\app\public\wp-admin\admin.php(259): do_action('toplevel_page_e...')
#3 {main}
  thrown in C:\Users\Grimaldo\Local Sites\plantel\app\public\wp-includes\class-wp-hook.php on line 324
[24-Nov-2024 03:23:56 UTC] PHP Fatal error:  Uncaught TypeError: call_user_func_array(): Argument #1 ($callback) must be a valid callback, function "mostrar_empresas_registradas" not found or invalid function name in C:\Users\Grimaldo\Local Sites\plantel\app\public\wp-includes\class-wp-hook.php:324
Stack trace:
#0 C:\Users\Grimaldo\Local Sites\plantel\app\public\wp-includes\class-wp-hook.php(348): WP_Hook->apply_filters('', Array)
#1 C:\Users\Grimaldo\Local Sites\plantel\app\public\wp-includes\plugin.php(517): WP_Hook->do_action(Array)
#2 C:\Users\Grimaldo\Local Sites\plantel\app\public\wp-admin\admin.php(259): do_action('toplevel_page_e...')
#3 {main}
  thrown in C:\Users\Grimaldo\Local Sites\plantel\app\public\wp-includes\class-wp-hook.php on line 324
[24-Nov-2024 10:18:37 UTC] Automatic updates starting...
[24-Nov-2024 10:18:38 UTC] Automatic updates complete.
[24-Nov-2024 12:19:36 UTC] Procesando inicio de sesin de empresa
[24-Nov-2024 12:20:10 UTC] Procesando registro de empresa
[24-Nov-2024 12:20:44 UTC] Procesando registro de empresa
[24-Nov-2024 12:21:12 UTC] Procesando registro de empresa
[24-Nov-2024 12:21:35 UTC] Procesando inicio de sesin de empresa
[24-Nov-2024 12:22:16 UTC] Procesando inicio de sesin de empresa
[24-Nov-2024 22:51:01 UTC] Automatic updates starting...
[24-Nov-2024 22:51:02 UTC] Automatic updates complete.
[25-Nov-2024 02:16:42 UTC] Procesando inicio de sesin de empresa
[25-Nov-2024 12:25:37 UTC] Automatic updates starting...
[25-Nov-2024 12:25:38 UTC] Automatic updates complete.
[25-Nov-2024 12:44:14 UTC] Procesando inicio de sesin de empresa
[25-Nov-2024 19:07:36 UTC] Automatic updates starting...
[25-Nov-2024 19:07:37 UTC] Automatic updates complete.
[26-Nov-2024 12:41:17 UTC] Automatic updates starting...
[26-Nov-2024 12:41:18 UTC] Automatic updates complete.
[26-Nov-2024 14:05:29 UTC] PHP Fatal error:  Uncaught Error: Class "SCF" not found in C:\Users\Grimaldo\Local Sites\plantel\app\public\wp-content\themes\oslo-theme\functions.php:224
Stack trace:
#0 C:\Users\Grimaldo\Local Sites\plantel\app\public\wp-includes\rest-api\class-wp-rest-server.php(1292): get_paises_por_continente(Object(WP_REST_Request))
#1 C:\Users\Grimaldo\Local Sites\plantel\app\public\wp-includes\rest-api\class-wp-rest-server.php(1125): WP_REST_Server->respond_to_request(Object(WP_REST_Request), '/custom/v1/pais...', Array, NULL)
#2 C:\Users\Grimaldo\Local Sites\plantel\app\public\wp-includes\rest-api\class-wp-rest-server.php(439): WP_REST_Server->dispatch(Object(WP_REST_Request))
#3 C:\Users\Grimaldo\Local Sites\plantel\app\public\wp-includes\rest-api.php(449): WP_REST_Server->serve_request('/custom/v1/pais...')
#4 C:\Users\Grimaldo\Local Sites\plantel\app\public\wp-includes\class-wp-hook.php(324): rest_api_loaded(Object(WP))
#5 C:\Users\Grimaldo\Local Sites\plantel\app\public\wp-includes\class-wp-hook.php(348): WP_Hook->apply_filters('', Array)
#6 C:\Users\Grimaldo\Local Sites\plantel\app\public\wp-includes\plugin.php(565): WP_Hook->do_action(Array)
#7 C:\Users\Grimaldo\Local Sites\plantel\app\public\wp-includes\class-wp.php(418): do_action_ref_array('parse_request', Array)
#8 C:\Users\Grimaldo\Local Sites\plantel\app\public\wp-includes\class-wp.php(813): WP->parse_request('')
#9 C:\Users\Grimaldo\Local Sites\plantel\app\public\wp-includes\functions.php(1336): WP->main('')
#10 C:\Users\Grimaldo\Local Sites\plantel\app\public\wp-blog-header.php(16): wp()
#11 C:\Users\Grimaldo\Local Sites\plantel\app\public\index.php(17): require('C:\\Users\\Grimal...')
#12 {main}
  thrown in C:\Users\Grimaldo\Local Sites\plantel\app\public\wp-content\themes\oslo-theme\functions.php on line 224
[26-Nov-2024 14:05:29 UTC] PHP Fatal error:  Uncaught Error: Class "SCF" not found in C:\Users\Grimaldo\Local Sites\plantel\app\public\wp-content\themes\oslo-theme\functions.php:224
Stack trace:
#0 C:\Users\Grimaldo\Local Sites\plantel\app\public\wp-includes\rest-api\class-wp-rest-server.php(1292): get_paises_por_continente(Object(WP_REST_Request))
#1 C:\Users\Grimaldo\Local Sites\plantel\app\public\wp-includes\rest-api\class-wp-rest-server.php(1125): WP_REST_Server->respond_to_request(Object(WP_REST_Request), '/custom/v1/pais...', Array, NULL)
#2 C:\Users\Grimaldo\Local Sites\plantel\app\public\wp-includes\rest-api\class-wp-rest-server.php(439): WP_REST_Server->dispatch(Object(WP_REST_Request))
#3 C:\Users\Grimaldo\Local Sites\plantel\app\public\wp-includes\rest-api.php(449): WP_REST_Server->serve_request('/custom/v1/pais...')
#4 C:\Users\Grimaldo\Local Sites\plantel\app\public\wp-includes\class-wp-hook.php(324): rest_api_loaded(Object(WP))
#5 C:\Users\Grimaldo\Local Sites\plantel\app\public\wp-includes\class-wp-hook.php(348): WP_Hook->apply_filters('', Array)
#6 C:\Users\Grimaldo\Local Sites\plantel\app\public\wp-includes\plugin.php(565): WP_Hook->do_action(Array)
#7 C:\Users\Grimaldo\Local Sites\plantel\app\public\wp-includes\class-wp.php(418): do_action_ref_array('parse_request', Array)
#8 C:\Users\Grimaldo\Local Sites\plantel\app\public\wp-includes\class-wp.php(813): WP->parse_request('')
#9 C:\Users\Grimaldo\Local Sites\plantel\app\public\wp-includes\functions.php(1336): WP->main('')
#10 C:\Users\Grimaldo\Local Sites\plantel\app\public\wp-blog-header.php(16): wp()
#11 C:\Users\Grimaldo\Local Sites\plantel\app\public\index.php(17): require('C:\\Users\\Grimal...')
#12 {main}
  thrown in C:\Users\Grimaldo\Local Sites\plantel\app\public\wp-content\themes\oslo-theme\functions.php on line 224
[26-Nov-2024 14:27:36 UTC] PHP Notice:  Function register_rest_route was called <strong>incorrectly</strong>. The REST API route definition for <code>custom/v1/continentes</code> is missing the required <code>permission_callback</code> argument. For REST API routes that are intended to be public, use <code>__return_true</code> as the permission callback. Please see <a href="https://developer.wordpress.org/advanced-administration/debug/debug-wordpress/">Debugging in WordPress</a> for more information. (This message was added in version 5.5.0.) in C:\Users\Grimaldo\Local Sites\plantel\app\public\wp-includes\functions.php on line 6114
[26-Nov-2024 14:27:36 UTC] PHP Notice:  Function register_rest_route was called <strong>incorrectly</strong>. The REST API route definition for <code>custom/v1/paises/(?P\d+)</code> is missing the required <code>permission_callback</code> argument. For REST API routes that are intended to be public, use <code>__return_true</code> as the permission callback. Please see <a href="https://developer.wordpress.org/advanced-administration/debug/debug-wordpress/">Debugging in WordPress</a> for more information. (This message was added in version 5.5.0.) in C:\Users\Grimaldo\Local Sites\plantel\app\public\wp-includes\functions.php on line 6114
[26-Nov-2024 14:27:36 UTC] PHP Notice:  Function register_rest_route was called <strong>incorrectly</strong>. The REST API route definition for <code>custom/v1/ciudades/(?P\d+)</code> is missing the required <code>permission_callback</code> argument. For REST API routes that are intended to be public, use <code>__return_true</code> as the permission callback. Please see <a href="https://developer.wordpress.org/advanced-administration/debug/debug-wordpress/">Debugging in WordPress</a> for more information. (This message was added in version 5.5.0.) in C:\Users\Grimaldo\Local Sites\plantel\app\public\wp-includes\functions.php on line 6114
[26-Nov-2024 14:28:06 UTC] PHP Notice:  Function register_rest_route was called <strong>incorrectly</strong>. The REST API route definition for <code>custom/v1/continentes</code> is missing the required <code>permission_callback</code> argument. For REST API routes that are intended to be public, use <code>__return_true</code> as the permission callback. Please see <a href="https://developer.wordpress.org/advanced-administration/debug/debug-wordpress/">Debugging in WordPress</a> for more information. (This message was added in version 5.5.0.) in C:\Users\Grimaldo\Local Sites\plantel\app\public\wp-includes\functions.php on line 6114
[26-Nov-2024 14:28:06 UTC] PHP Notice:  Function register_rest_route was called <strong>incorrectly</strong>. The REST API route definition for <code>custom/v1/paises/(?P\d+)</code> is missing the required <code>permission_callback</code> argument. For REST API routes that are intended to be public, use <code>__return_true</code> as the permission callback. Please see <a href="https://developer.wordpress.org/advanced-administration/debug/debug-wordpress/">Debugging in WordPress</a> for more information. (This message was added in version 5.5.0.) in C:\Users\Grimaldo\Local Sites\plantel\app\public\wp-includes\functions.php on line 6114
[26-Nov-2024 14:28:06 UTC] PHP Notice:  Function register_rest_route was called <strong>incorrectly</strong>. The REST API route definition for <code>custom/v1/ciudades/(?P\d+)</code> is missing the required <code>permission_callback</code> argument. For REST API routes that are intended to be public, use <code>__return_true</code> as the permission callback. Please see <a href="https://developer.wordpress.org/advanced-administration/debug/debug-wordpress/">Debugging in WordPress</a> for more information. (This message was added in version 5.5.0.) in C:\Users\Grimaldo\Local Sites\plantel\app\public\wp-includes\functions.php on line 6114
[26-Nov-2024 14:28:21 UTC] PHP Notice:  Function register_rest_route was called <strong>incorrectly</strong>. The REST API route definition for <code>custom/v1/continentes</code> is missing the required <code>permission_callback</code> argument. For REST API routes that are intended to be public, use <code>__return_true</code> as the permission callback. Please see <a href="https://developer.wordpress.org/advanced-administration/debug/debug-wordpress/">Debugging in WordPress</a> for more information. (This message was added in version 5.5.0.) in C:\Users\Grimaldo\Local Sites\plantel\app\public\wp-includes\functions.php on line 6114
[26-Nov-2024 14:28:21 UTC] PHP Notice:  Function register_rest_route was called <strong>incorrectly</strong>. The REST API route definition for <code>custom/v1/paises/(?P\d+)</code> is missing the required <code>permission_callback</code> argument. For REST API routes that are intended to be public, use <code>__return_true</code> as the permission callback. Please see <a href="https://developer.wordpress.org/advanced-administration/debug/debug-wordpress/">Debugging in WordPress</a> for more information. (This message was added in version 5.5.0.) in C:\Users\Grimaldo\Local Sites\plantel\app\public\wp-includes\functions.php on line 6114
[26-Nov-2024 14:28:21 UTC] PHP Notice:  Function register_rest_route was called <strong>incorrectly</strong>. The REST API route definition for <code>custom/v1/ciudades/(?P\d+)</code> is missing the required <code>permission_callback</code> argument. For REST API routes that are intended to be public, use <code>__return_true</code> as the permission callback. Please see <a href="https://developer.wordpress.org/advanced-administration/debug/debug-wordpress/">Debugging in WordPress</a> for more information. (This message was added in version 5.5.0.) in C:\Users\Grimaldo\Local Sites\plantel\app\public\wp-includes\functions.php on line 6114
[26-Nov-2024 14:28:30 UTC] PHP Notice:  Function register_rest_route was called <strong>incorrectly</strong>. The REST API route definition for <code>custom/v1/continentes</code> is missing the required <code>permission_callback</code> argument. For REST API routes that are intended to be public, use <code>__return_true</code> as the permission callback. Please see <a href="https://developer.wordpress.org/advanced-administration/debug/debug-wordpress/">Debugging in WordPress</a> for more information. (This message was added in version 5.5.0.) in C:\Users\Grimaldo\Local Sites\plantel\app\public\wp-includes\functions.php on line 6114
[26-Nov-2024 14:28:30 UTC] PHP Notice:  Function register_rest_route was called <strong>incorrectly</strong>. The REST API route definition for <code>custom/v1/paises/(?P\d+)</code> is missing the required <code>permission_callback</code> argument. For REST API routes that are intended to be public, use <code>__return_true</code> as the permission callback. Please see <a href="https://developer.wordpress.org/advanced-administration/debug/debug-wordpress/">Debugging in WordPress</a> for more information. (This message was added in version 5.5.0.) in C:\Users\Grimaldo\Local Sites\plantel\app\public\wp-includes\functions.php on line 6114
[26-Nov-2024 14:28:30 UTC] PHP Notice:  Function register_rest_route was called <strong>incorrectly</strong>. The REST API route definition for <code>custom/v1/ciudades/(?P\d+)</code> is missing the required <code>permission_callback</code> argument. For REST API routes that are intended to be public, use <code>__return_true</code> as the permission callback. Please see <a href="https://developer.wordpress.org/advanced-administration/debug/debug-wordpress/">Debugging in WordPress</a> for more information. (This message was added in version 5.5.0.) in C:\Users\Grimaldo\Local Sites\plantel\app\public\wp-includes\functions.php on line 6114
[26-Nov-2024 14:29:25 UTC] PHP Notice:  Function register_rest_route was called <strong>incorrectly</strong>. The REST API route definition for <code>custom/v1/continentes</code> is missing the required <code>permission_callback</code> argument. For REST API routes that are intended to be public, use <code>__return_true</code> as the permission callback. Please see <a href="https://developer.wordpress.org/advanced-administration/debug/debug-wordpress/">Debugging in WordPress</a> for more information. (This message was added in version 5.5.0.) in C:\Users\Grimaldo\Local Sites\plantel\app\public\wp-includes\functions.php on line 6114
[26-Nov-2024 14:29:25 UTC] PHP Notice:  Function register_rest_route was called <strong>incorrectly</strong>. The REST API route definition for <code>custom/v1/paises/(?P\d+)</code> is missing the required <code>permission_callback</code> argument. For REST API routes that are intended to be public, use <code>__return_true</code> as the permission callback. Please see <a href="https://developer.wordpress.org/advanced-administration/debug/debug-wordpress/">Debugging in WordPress</a> for more information. (This message was added in version 5.5.0.) in C:\Users\Grimaldo\Local Sites\plantel\app\public\wp-includes\functions.php on line 6114
[26-Nov-2024 14:29:25 UTC] PHP Notice:  Function register_rest_route was called <strong>incorrectly</strong>. The REST API route definition for <code>custom/v1/ciudades/(?P\d+)</code> is missing the required <code>permission_callback</code> argument. For REST API routes that are intended to be public, use <code>__return_true</code> as the permission callback. Please see <a href="https://developer.wordpress.org/advanced-administration/debug/debug-wordpress/">Debugging in WordPress</a> for more information. (This message was added in version 5.5.0.) in C:\Users\Grimaldo\Local Sites\plantel\app\public\wp-includes\functions.php on line 6114
[26-Nov-2024 14:30:51 UTC] PHP Notice:  Function register_rest_route was called <strong>incorrectly</strong>. The REST API route definition for <code>custom/v1/continentes</code> is missing the required <code>permission_callback</code> argument. For REST API routes that are intended to be public, use <code>__return_true</code> as the permission callback. Please see <a href="https://developer.wordpress.org/advanced-administration/debug/debug-wordpress/">Debugging in WordPress</a> for more information. (This message was added in version 5.5.0.) in C:\Users\Grimaldo\Local Sites\plantel\app\public\wp-includes\functions.php on line 6114
[26-Nov-2024 14:30:51 UTC] PHP Notice:  Function register_rest_route was called <strong>incorrectly</strong>. The REST API route definition for <code>custom/v1/paises/(?P\d+)</code> is missing the required <code>permission_callback</code> argument. For REST API routes that are intended to be public, use <code>__return_true</code> as the permission callback. Please see <a href="https://developer.wordpress.org/advanced-administration/debug/debug-wordpress/">Debugging in WordPress</a> for more information. (This message was added in version 5.5.0.) in C:\Users\Grimaldo\Local Sites\plantel\app\public\wp-includes\functions.php on line 6114
[26-Nov-2024 14:30:51 UTC] PHP Notice:  Function register_rest_route was called <strong>incorrectly</strong>. The REST API route definition for <code>custom/v1/ciudades/(?P\d+)</code> is missing the required <code>permission_callback</code> argument. For REST API routes that are intended to be public, use <code>__return_true</code> as the permission callback. Please see <a href="https://developer.wordpress.org/advanced-administration/debug/debug-wordpress/">Debugging in WordPress</a> for more information. (This message was added in version 5.5.0.) in C:\Users\Grimaldo\Local Sites\plantel\app\public\wp-includes\functions.php on line 6114
[26-Nov-2024 17:02:51 UTC] Automatic updates starting...
[26-Nov-2024 17:02:52 UTC] Automatic updates complete.
[26-Nov-2024 20:09:06 UTC] Procesando inicio de sesin de empresa
[27-Nov-2024 12:18:34 UTC] Automatic updates starting...
[27-Nov-2024 12:18:35 UTC] Automatic updates complete.
[27-Nov-2024 12:48:51 UTC] PHP Warning:  mysqli_real_connect(): (HY000/2002): No connection could be made because the target machine actively refused it in C:\Users\Grimaldo\Local Sites\plantel\app\public\wp-includes\class-wpdb.php on line 1982
[28-Nov-2024 12:58:38 UTC] PHP Warning:  mysqli_real_connect(): (HY000/2002): No connection could be made because the target machine actively refused it in C:\Users\Grimaldo\Local Sites\plantel\app\public\wp-includes\class-wpdb.php on line 1982
[28-Nov-2024 12:59:00 UTC] Procesando inicio de sesin de empresa
[28-Nov-2024 13:07:06 UTC] Automatic updates starting...
[28-Nov-2024 13:07:08 UTC] Automatic updates complete.
[28-Nov-2024 18:01:31 UTC] Automatic updates starting...
[28-Nov-2024 18:01:32 UTC] Automatic updates complete.
